[2018-07-16 11:23:28] INFO [info: log.py, 20] 这是一个测试log....
[2018-07-16 19:21:27] DEBUG [_new_conn: connectionpool.py, 205] Starting new HTTP connection (1): api.erp.36solo.com:80
[2018-07-16 19:21:27] DEBUG [_make_request: connectionpool.py, 393] http://api.erp.36solo.com:80 "POST /machine/locale/add HTTP/1.1" 200 54
[2018-07-17 09:50:18] DEBUG [_new_conn: connectionpool.py, 205] Starting new HTTP connection (1): api.erp.36solo.com:80
[2018-07-17 09:50:18] DEBUG [_make_request: connectionpool.py, 393] http://api.erp.36solo.com:80 "POST /machine/locale/add HTTP/1.1" 200 None
[2018-07-17 09:50:51] DEBUG [_new_conn: connectionpool.py, 205] Starting new HTTP connection (1): api.erp.36solo.com:80
[2018-07-17 09:50:51] DEBUG [_make_request: connectionpool.py, 393] http://api.erp.36solo.com:80 "POST /machine/locale/add HTTP/1.1" 200 None
[2018-07-17 09:52:48] DEBUG [_new_conn: connectionpool.py, 205] Starting new HTTP connection (1): api.erp.36solo.com:80
[2018-07-17 09:52:51] DEBUG [_make_request: connectionpool.py, 393] http://api.erp.36solo.com:80 "POST /machine/locale/delete HTTP/1.1" 200 None
[2018-07-17 09:56:16] DEBUG [_new_conn: connectionpool.py, 205] Starting new HTTP connection (1): api.erp.36solo.comhttp:80
[2018-07-17 09:56:55] DEBUG [_new_conn: connectionpool.py, 205] Starting new HTTP connection (1): api.erp.36solo.com:80
[2018-07-17 09:56:58] DEBUG [_make_request: connectionpool.py, 393] http://api.erp.36solo.com:80 "POST /machine/locale/detail HTTP/1.1" 200 None
[2018-07-17 09:57:18] DEBUG [_new_conn: connectionpool.py, 205] Starting new HTTP connection (1): api.erp.36solo.com:80
[2018-07-17 09:57:18] DEBUG [_make_request: connectionpool.py, 393] http://api.erp.36solo.com:80 "POST /machine/locale/getList HTTP/1.1" 200 None
[2018-07-17 09:58:48] DEBUG [_new_conn: connectionpool.py, 205] Starting new HTTP connection (1): api.erp.36solo.comhttp:80
[2018-07-17 09:58:58] DEBUG [_new_conn: connectionpool.py, 205] Starting new HTTP connection (1): api.erp.36solo.com:80
[2018-07-17 09:58:58] DEBUG [_make_request: connectionpool.py, 393] http://api.erp.36solo.com:80 "POST /machine/locale/list HTTP/1.1" 200 None
[2018-07-17 10:00:03] DEBUG [_new_conn: connectionpool.py, 205] Starting new HTTP connection (1): api.erp.36solo.comhttp:80
[2018-07-17 10:00:12] DEBUG [_new_conn: connectionpool.py, 205] Starting new HTTP connection (1): api.erp.36solo.com:80
[2018-07-17 10:00:12] DEBUG [_make_request: connectionpool.py, 393] http://api.erp.36solo.com:80 "POST /machine/locale/update HTTP/1.1" 200 None
[2018-07-17 13:54:43] DEBUG [_new_conn: connectionpool.py, 205] Starting new HTTP connection (1): api.erp.36solo.com:80
[2018-07-17 13:54:43] DEBUG [_make_request: connectionpool.py, 393] http://api.erp.36solo.com:80 "POST /machine/locale/list HTTP/1.1" 200 54
[2018-07-17 13:54:55] DEBUG [_new_conn: connectionpool.py, 205] Starting new HTTP connection (1): api.erp.36solo.com:80
[2018-07-17 13:54:56] DEBUG [_make_request: connectionpool.py, 393] http://api.erp.36solo.com:80 "POST /machine/locale/list HTTP/1.1" 200 54
[2018-07-17 15:42:21] DEBUG [_new_conn: connectionpool.py, 205] Starting new HTTP connection (1): api.erp.36solo.com:80
[2018-07-17 15:42:21] DEBUG [_make_request: connectionpool.py, 393] http://api.erp.36solo.com:80 "POST /machine/locale/list HTTP/1.1" 200 54
[2018-07-17 15:42:57] DEBUG [_new_conn: connectionpool.py, 205] Starting new HTTP connection (1): api.erp.36solo.com:80
[2018-07-17 15:42:58] DEBUG [_make_request: connectionpool.py, 393] http://api.erp.36solo.com:80 "POST /machine/locale/list HTTP/1.1" 200 None
[2018-07-17 17:07:04] INFO [info: log.py, 20] ------------------START----------------
[2018-07-17 17:07:04] INFO [info: log.py, 20] 请求数据:{"remark": null, "name": null, "mobile": null, "mall": null, "areaCode": null, "manager": null}
[2018-07-17 17:07:04] INFO [info: log.py, 20] 请求Appid:dp10As24x4DJoMtqbcywEDVo
[2018-07-17 17:07:04] INFO [info: log.py, 20] ------------------START----------------
[2018-07-17 17:07:04] INFO [info: log.py, 20] 请求数据:{"keword": null, "code": null, "pageNo": null}
[2018-07-17 17:07:04] INFO [info: log.py, 20] 请求Appid:dp1svA1gkNt8cQMkoIv7HmD1
[2018-07-17 17:07:04] INFO [info: log.py, 20] ------------------START----------------
[2018-07-17 17:07:04] INFO [info: log.py, 20] 请求数据:{"keword": null, "code": null, "pageNo": null}
[2018-07-17 17:07:04] INFO [info: log.py, 20] 请求Appid:dp1svA1gkNt8cQMkoIv7HmD1
[2018-07-17 17:17:47] INFO [info: log.py, 20] ------------------START----------------
[2018-07-17 17:17:47] INFO [info: log.py, 20] 请求数据:{"remark": "ceshi", "name": "自动化测试", "mobile": 18811229900, "mall": "测试", "areaCode": 45454, "manager": "自动化测试测试"}
[2018-07-17 17:17:47] INFO [info: log.py, 20] 请求Appid:Appid
[2018-07-17 17:17:47] DEBUG [_new_conn: connectionpool.py, 205] Starting new HTTP connection (1): api.erp.36solo.com:80
[2018-07-17 17:17:48] DEBUG [_make_request: connectionpool.py, 393] http://api.erp.36solo.com:80 "POST /machine/locale/add HTTP/1.1" 200 None
[2018-07-17 17:17:48] INFO [info: log.py, 20] ------------------START----------------
[2018-07-17 17:17:48] INFO [info: log.py, 20] 请求数据:{"keword": null, "code": null, "pageNo": null}
[2018-07-17 17:17:48] INFO [info: log.py, 20] 请求Appid:Appid
[2018-07-17 17:17:48] DEBUG [_new_conn: connectionpool.py, 205] Starting new HTTP connection (1): api.erp.36solo.com:80
[2018-07-17 17:17:48] DEBUG [_make_request: connectionpool.py, 393] http://api.erp.36solo.com:80 "POST /machine/locale/getList HTTP/1.1" 200 None
[2018-07-17 17:17:48] INFO [info: log.py, 20] ------------------START----------------
[2018-07-17 17:17:48] INFO [info: log.py, 20] 请求数据:{"keword": null, "code": null, "pageNo": null}
[2018-07-17 17:17:48] INFO [info: log.py, 20] 请求Appid:Appid
[2018-07-17 17:17:48] DEBUG [_new_conn: connectionpool.py, 205] Starting new HTTP connection (1): api.erp.36solo.com:80
[2018-07-17 17:17:48] DEBUG [_make_request: connectionpool.py, 393] http://api.erp.36solo.com:80 "POST /machine/locale/list HTTP/1.1" 200 None
[2018-07-17 17:31:11] INFO [info: log.py, 20] ------------------START----------------
[2018-07-17 17:31:11] INFO [info: log.py, 20] 请求数据:{"remark": "ceshi", "name": "自动化测试", "mobile": 18811229900, "mall": "测试", "areaCode": "北京市", "manager": "自动化测试测试"}
[2018-07-17 17:31:11] INFO [info: log.py, 20] 请求Appid:Appid
[2018-07-17 17:31:11] DEBUG [_new_conn: connectionpool.py, 205] Starting new HTTP connection (1): api.erp.36solo.com:80
[2018-07-17 17:31:11] DEBUG [_make_request: connectionpool.py, 393] http://api.erp.36solo.com:80 "POST /machine/locale/add HTTP/1.1" 200 None
[2018-07-17 17:31:11] INFO [info: log.py, 20] ------------------START----------------
[2018-07-17 17:31:11] INFO [info: log.py, 20] 请求数据:{"keword": null, "code": null, "pageNo": null}
[2018-07-17 17:31:11] INFO [info: log.py, 20] 请求Appid:Appid
[2018-07-17 17:31:11] DEBUG [_new_conn: connectionpool.py, 205] Starting new HTTP connection (1): api.erp.36solo.com:80
[2018-07-17 17:31:11] DEBUG [_make_request: connectionpool.py, 393] http://api.erp.36solo.com:80 "POST /machine/locale/getList HTTP/1.1" 200 None
[2018-07-17 17:31:11] INFO [info: log.py, 20] ------------------START----------------
[2018-07-17 17:31:11] INFO [info: log.py, 20] 请求数据:{"keword": null, "code": null, "pageNo": null}
[2018-07-17 17:31:11] INFO [info: log.py, 20] 请求Appid:Appid
[2018-07-17 17:31:11] DEBUG [_new_conn: connectionpool.py, 205] Starting new HTTP connection (1): api.erp.36solo.com:80
[2018-07-17 17:31:11] DEBUG [_make_request: connectionpool.py, 393] http://api.erp.36solo.com:80 "POST /machine/locale/list HTTP/1.1" 200 None
[2018-07-17 17:35:49] INFO [info: log.py, 20] ------------------START----------------
[2018-07-17 17:35:49] INFO [info: log.py, 20] 请求数据:{"remark": "ceshi1", "name": "自动化测试1", "mobile": 18811229911, "mall": "测试1", "areaCode": "北京市", "manager": "自动化测试测试1"}
[2018-07-17 17:35:49] INFO [info: log.py, 20] 请求Appid:Appid
[2018-07-17 17:35:49] DEBUG [_new_conn: connectionpool.py, 205] Starting new HTTP connection (1): api.erp.36solo.com:80
[2018-07-17 17:35:49] DEBUG [_make_request: connectionpool.py, 393] http://api.erp.36solo.com:80 "POST /machine/locale/add HTTP/1.1" 200 None
[2018-07-17 17:35:49] INFO [info: log.py, 20] ------------------START----------------
[2018-07-17 17:35:49] INFO [info: log.py, 20] 请求数据:{"keword": null, "code": null, "pageNo": null}
[2018-07-17 17:35:49] INFO [info: log.py, 20] 请求Appid:Appid
[2018-07-17 17:35:49] DEBUG [_new_conn: connectionpool.py, 205] Starting new HTTP connection (1): api.erp.36solo.com:80
[2018-07-17 17:35:49] DEBUG [_make_request: connectionpool.py, 393] http://api.erp.36solo.com:80 "POST /machine/locale/getList HTTP/1.1" 200 None
[2018-07-17 17:35:49] INFO [info: log.py, 20] ------------------START----------------
[2018-07-17 17:35:49] INFO [info: log.py, 20] 请求数据:{"keword": null, "code": null, "pageNo": null}
[2018-07-17 17:35:49] INFO [info: log.py, 20] 请求Appid:Appid
[2018-07-17 17:35:49] DEBUG [_new_conn: connectionpool.py, 205] Starting new HTTP connection (1): api.erp.36solo.com:80
[2018-07-17 17:35:49] DEBUG [_make_request: connectionpool.py, 393] http://api.erp.36solo.com:80 "POST /machine/locale/list HTTP/1.1" 200 None
[2018-07-17 17:54:54] INFO [info: log.py, 20] ------------------START----------------
[2018-07-17 17:54:54] INFO [info: log.py, 20] 请求数据:{"remark": "ceshi1", "name": "自动化测试1", "mobile": 18867899876, "mall": "测试1", "areaCode": "北京市", "manager": "自动化测试测试11"}
[2018-07-17 17:54:54] INFO [info: log.py, 20] 请求Appid:dp1svA1gkNt8cQMkoIv7HmD1
[2018-07-17 17:54:54] DEBUG [_new_conn: connectionpool.py, 205] Starting new HTTP connection (1): api.erp.36solo.com:80
[2018-07-17 17:54:54] DEBUG [_make_request: connectionpool.py, 393] http://api.erp.36solo.com:80 "POST /machine/locale/add HTTP/1.1" 200 None
[2018-07-17 17:54:54] INFO [info: log.py, 20] ------------------START----------------
[2018-07-17 17:54:54] INFO [info: log.py, 20] 请求数据:{"keword": null, "code": null, "pageNo": null}
[2018-07-17 17:54:54] INFO [info: log.py, 20] 请求Appid:dp1svA1gkNt8cQMkoIv7HmD1
[2018-07-17 17:54:54] DEBUG [_new_conn: connectionpool.py, 205] Starting new HTTP connection (1): api.erp.36solo.com:80
[2018-07-17 17:54:54] DEBUG [_make_request: connectionpool.py, 393] http://api.erp.36solo.com:80 "POST /machine/locale/getList HTTP/1.1" 200 None
[2018-07-17 17:54:54] INFO [info: log.py, 20] ------------------START----------------
[2018-07-17 17:54:54] INFO [info: log.py, 20] 请求数据:{"keword": null, "code": null, "pageNo": null}
[2018-07-17 17:54:54] INFO [info: log.py, 20] 请求Appid:dp1svA1gkNt8cQMkoIv7HmD1
[2018-07-17 17:54:54] DEBUG [_new_conn: connectionpool.py, 205] Starting new HTTP connection (1): api.erp.36solo.com:80
[2018-07-17 17:54:54] DEBUG [_make_request: connectionpool.py, 393] http://api.erp.36solo.com:80 "POST /machine/locale/list HTTP/1.1" 200 None
[2018-07-17 17:56:19] INFO [info: log.py, 20] ------------------START----------------
[2018-07-17 17:56:19] INFO [info: log.py, 20] 请求数据:{"remark": "ceshi1", "name": "自动化测试1", "mobile": 18867899876, "mall": "测试1", "areaCode": "北京市", "manager": 787878}
[2018-07-17 17:56:19] INFO [info: log.py, 20] 请求Appid:dp1svA1gkNt8cQMkoIv7HmD1
[2018-07-17 17:56:19] DEBUG [_new_conn: connectionpool.py, 205] Starting new HTTP connection (1): api.erp.36solo.com:80
[2018-07-17 17:56:19] DEBUG [_make_request: connectionpool.py, 393] http://api.erp.36solo.com:80 "POST /machine/locale/add HTTP/1.1" 200 None
[2018-07-17 17:56:19] INFO [info: log.py, 20] ------------------START----------------
[2018-07-17 17:56:19] INFO [info: log.py, 20] 请求数据:{"keword": null, "code": null, "pageNo": null}
[2018-07-17 17:56:19] INFO [info: log.py, 20] 请求Appid:dp1svA1gkNt8cQMkoIv7HmD1
[2018-07-17 17:56:19] DEBUG [_new_conn: connectionpool.py, 205] Starting new HTTP connection (1): api.erp.36solo.com:80
[2018-07-17 17:56:19] DEBUG [_make_request: connectionpool.py, 393] http://api.erp.36solo.com:80 "POST /machine/locale/getList HTTP/1.1" 200 None
[2018-07-17 17:56:19] INFO [info: log.py, 20] ------------------START----------------
[2018-07-17 17:56:19] INFO [info: log.py, 20] 请求数据:{"keword": null, "code": null, "pageNo": null}
[2018-07-17 17:56:19] INFO [info: log.py, 20] 请求Appid:dp1svA1gkNt8cQMkoIv7HmD1
[2018-07-17 17:56:19] DEBUG [_new_conn: connectionpool.py, 205] Starting new HTTP connection (1): api.erp.36solo.com:80
[2018-07-17 17:56:19] DEBUG [_make_request: connectionpool.py, 393] http://api.erp.36solo.com:80 "POST /machine/locale/list HTTP/1.1" 200 None
[2018-07-17 17:57:38] INFO [info: log.py, 20] ------------------START----------------
[2018-07-17 17:57:38] INFO [info: log.py, 20] 请求数据:{"remark": "ceshi1", "name": "自动化测试1", "mobile": 18855667788, "mall": "测试1", "areaCode": "北京市", "manager": 7878798}
[2018-07-17 17:57:38] INFO [info: log.py, 20] 请求Appid:dp1svA1gkNt8cQMkoIv7HmD1
[2018-07-17 17:57:38] DEBUG [_new_conn: connectionpool.py, 205] Starting new HTTP connection (1): api.erp.36solo.com:80
[2018-07-17 17:57:38] DEBUG [_make_request: connectionpool.py, 393] http://api.erp.36solo.com:80 "POST /machine/locale/add HTTP/1.1" 200 None
[2018-07-17 17:57:38] INFO [info: log.py, 20] ------------------START----------------
[2018-07-17 17:57:38] INFO [info: log.py, 20] 请求数据:{"keword": null, "code": null, "pageNo": null}
[2018-07-17 17:57:38] INFO [info: log.py, 20] 请求Appid:dp1svA1gkNt8cQMkoIv7HmD1
[2018-07-17 17:57:38] DEBUG [_new_conn: connectionpool.py, 205] Starting new HTTP connection (1): api.erp.36solo.com:80
[2018-07-17 17:57:39] DEBUG [_make_request: connectionpool.py, 393] http://api.erp.36solo.com:80 "POST /machine/locale/getList HTTP/1.1" 200 None
[2018-07-17 17:57:39] INFO [info: log.py, 20] ------------------START----------------
[2018-07-17 17:57:39] INFO [info: log.py, 20] 请求数据:{"keword": null, "code": null, "pageNo": null}
[2018-07-17 17:57:39] INFO [info: log.py, 20] 请求Appid:dp1svA1gkNt8cQMkoIv7HmD1
[2018-07-17 17:57:39] DEBUG [_new_conn: connectionpool.py, 205] Starting new HTTP connection (1): api.erp.36solo.com:80
[2018-07-17 17:57:39] DEBUG [_make_request: connectionpool.py, 393] http://api.erp.36solo.com:80 "POST /machine/locale/list HTTP/1.1" 200 None
[2018-07-17 17:58:52] INFO [info: log.py, 20] ------------------START----------------
[2018-07-17 17:58:52] INFO [info: log.py, 20] 请求数据:{"remark": "ceshi1", "name": "自动化测试1", "mobile": 18855667799, "mall": "测试1", "areaCode": "北京市", "manager": 56}
[2018-07-17 17:58:52] INFO [info: log.py, 20] 请求Appid:dp1svA1gkNt8cQMkoIv7HmD1
[2018-07-17 17:58:52] DEBUG [_new_conn: connectionpool.py, 205] Starting new HTTP connection (1): api.erp.36solo.com:80
[2018-07-17 17:58:52] DEBUG [_make_request: connectionpool.py, 393] http://api.erp.36solo.com:80 "POST /machine/locale/add HTTP/1.1" 200 None
[2018-07-17 17:58:52] INFO [info: log.py, 20] ------------------START----------------
[2018-07-17 17:58:52] INFO [info: log.py, 20] 请求数据:{"keword": null, "code": null, "pageNo": null}
[2018-07-17 17:58:52] INFO [info: log.py, 20] 请求Appid:dp1svA1gkNt8cQMkoIv7HmD1
[2018-07-17 17:58:52] DEBUG [_new_conn: connectionpool.py, 205] Starting new HTTP connection (1): api.erp.36solo.com:80
[2018-07-17 17:58:52] DEBUG [_make_request: connectionpool.py, 393] http://api.erp.36solo.com:80 "POST /machine/locale/getList HTTP/1.1" 200 None
[2018-07-17 17:58:52] INFO [info: log.py, 20] ------------------START----------------
[2018-07-17 17:58:52] INFO [info: log.py, 20] 请求数据:{"keword": null, "code": null, "pageNo": null}
[2018-07-17 17:58:52] INFO [info: log.py, 20] 请求Appid:dp1svA1gkNt8cQMkoIv7HmD1
[2018-07-17 17:58:52] DEBUG [_new_conn: connectionpool.py, 205] Starting new HTTP connection (1): api.erp.36solo.com:80
[2018-07-17 17:58:52] DEBUG [_make_request: connectionpool.py, 393] http://api.erp.36solo.com:80 "POST /machine/locale/list HTTP/1.1" 200 None
[2018-07-17 18:21:36] INFO [info: log.py, 20] ------------------START----------------
[2018-07-17 18:21:36] INFO [info: log.py, 20] 请求数据:{"remark": "ceshi1", "name": "自动化测试1", "mobile": 18855667788, "mall": "测试1", "areaCode": "北京市", "manager": "自动化测试"}
[2018-07-17 18:21:36] INFO [info: log.py, 20] 请求Appid:dp1svA1gkNt8cQMkoIv7HmD1
[2018-07-17 18:21:36] DEBUG [_new_conn: connectionpool.py, 205] Starting new HTTP connection (1): api.erp.36solo.com:80
[2018-07-17 18:21:36] DEBUG [_make_request: connectionpool.py, 393] http://api.erp.36solo.com:80 "POST /machine/locale/add HTTP/1.1" 200 69
[2018-07-17 18:21:36] INFO [info: log.py, 20] ------------------START----------------
[2018-07-17 18:21:36] INFO [info: log.py, 20] 请求数据:{"keword": null, "code": null, "pageNo": null}
[2018-07-17 18:21:36] INFO [info: log.py, 20] 请求Appid:dp1svA1gkNt8cQMkoIv7HmD1
[2018-07-17 18:21:36] DEBUG [_new_conn: connectionpool.py, 205] Starting new HTTP connection (1): api.erp.36solo.com:80
[2018-07-17 18:21:36] DEBUG [_make_request: connectionpool.py, 393] http://api.erp.36solo.com:80 "POST /machine/locale/getList HTTP/1.1" 200 54
[2018-07-17 18:21:36] INFO [info: log.py, 20] ------------------START----------------
[2018-07-17 18:21:36] INFO [info: log.py, 20] 请求数据:{"keword": null, "code": null, "pageNo": null}
[2018-07-17 18:21:36] INFO [info: log.py, 20] 请求Appid:dp1svA1gkNt8cQMkoIv7HmD1
[2018-07-17 18:21:36] DEBUG [_new_conn: connectionpool.py, 205] Starting new HTTP connection (1): api.erp.36solo.com:80
[2018-07-17 18:21:36] DEBUG [_make_request: connectionpool.py, 393] http://api.erp.36solo.com:80 "POST /machine/locale/list HTTP/1.1" 200 54
[2018-07-17 18:22:18] INFO [info: log.py, 20] ------------------START----------------
[2018-07-17 18:22:18] INFO [info: log.py, 20] 请求数据:{"remark": "ceshi1", "name": "自动化测试1", "mobile": 18855667788, "mall": "测试1", "areaCode": "北京市", "manager": "自动化测试"}
[2018-07-17 18:22:18] INFO [info: log.py, 20] 请求Appid:dp1svA1gkNt8cQMkoIv7HmD1
[2018-07-17 18:22:18] DEBUG [_new_conn: connectionpool.py, 205] Starting new HTTP connection (1): api.erp.36solo.com:80
[2018-07-17 18:22:18] DEBUG [_make_request: connectionpool.py, 393] http://api.erp.36solo.com:80 "POST /machine/locale/add HTTP/1.1" 200 None
[2018-07-17 18:22:19] INFO [info: log.py, 20] ------------------START----------------
[2018-07-17 18:22:19] INFO [info: log.py, 20] 请求数据:{"keword": null, "code": null, "pageNo": null}
[2018-07-17 18:22:19] INFO [info: log.py, 20] 请求Appid:dp1svA1gkNt8cQMkoIv7HmD1
[2018-07-17 18:22:19] DEBUG [_new_conn: connectionpool.py, 205] Starting new HTTP connection (1): api.erp.36solo.com:80
[2018-07-17 18:22:19] DEBUG [_make_request: connectionpool.py, 393] http://api.erp.36solo.com:80 "POST /machine/locale/getList HTTP/1.1" 200 None
[2018-07-17 18:22:19] INFO [info: log.py, 20] ------------------START----------------
[2018-07-17 18:22:19] INFO [info: log.py, 20] 请求数据:{"keword": null, "code": null, "pageNo": null}
[2018-07-17 18:22:19] INFO [info: log.py, 20] 请求Appid:dp1svA1gkNt8cQMkoIv7HmD1
[2018-07-17 18:22:19] DEBUG [_new_conn: connectionpool.py, 205] Starting new HTTP connection (1): api.erp.36solo.com:80
[2018-07-17 18:22:19] DEBUG [_make_request: connectionpool.py, 393] http://api.erp.36solo.com:80 "POST /machine/locale/list HTTP/1.1" 200 None
[2018-07-17 18:22:57] INFO [info: log.py, 20] ------------------START----------------
[2018-07-17 18:22:57] INFO [info: log.py, 20] 请求数据:{"remark": "ceshi1", "name": "册册册", "mobile": 18855667788, "mall": "测试1", "areaCode": "北京市", "manager": "自动化测试"}
[2018-07-17 18:22:57] INFO [info: log.py, 20] 请求Appid:dp1svA1gkNt8cQMkoIv7HmD1
[2018-07-17 18:22:57] DEBUG [_new_conn: connectionpool.py, 205] Starting new HTTP connection (1): api.erp.36solo.com:80
[2018-07-17 18:22:57] DEBUG [_make_request: connectionpool.py, 393] http://api.erp.36solo.com:80 "POST /machine/locale/add HTTP/1.1" 200 None
[2018-07-17 18:22:57] INFO [info: log.py, 20] ------------------START----------------
[2018-07-17 18:22:57] INFO [info: log.py, 20] 请求数据:{"keword": null, "code": null, "pageNo": null}
[2018-07-17 18:22:57] INFO [info: log.py, 20] 请求Appid:dp1svA1gkNt8cQMkoIv7HmD1
[2018-07-17 18:22:57] DEBUG [_new_conn: connectionpool.py, 205] Starting new HTTP connection (1): api.erp.36solo.com:80
[2018-07-17 18:22:57] DEBUG [_make_request: connectionpool.py, 393] http://api.erp.36solo.com:80 "POST /machine/locale/getList HTTP/1.1" 200 None
[2018-07-17 18:22:57] INFO [info: log.py, 20] ------------------START----------------
[2018-07-17 18:22:57] INFO [info: log.py, 20] 请求数据:{"keword": null, "code": null, "pageNo": null}
[2018-07-17 18:22:57] INFO [info: log.py, 20] 请求Appid:dp1svA1gkNt8cQMkoIv7HmD1
[2018-07-17 18:22:57] DEBUG [_new_conn: connectionpool.py, 205] Starting new HTTP connection (1): api.erp.36solo.com:80
[2018-07-17 18:22:57] DEBUG [_make_request: connectionpool.py, 393] http://api.erp.36solo.com:80 "POST /machine/locale/list HTTP/1.1" 200 None
[2018-07-17 18:27:51] DEBUG [_new_conn: connectionpool.py, 205] Starting new HTTP connection (1): api.erp.36solo.com:80
[2018-07-17 18:27:51] DEBUG [_make_request: connectionpool.py, 393] http://api.erp.36solo.com:80 "POST /machine/locale/add HTTP/1.1" 200 None
[2018-07-17 18:27:58] DEBUG [_new_conn: connectionpool.py, 205] Starting new HTTP connection (1): api.erp.36solo.com:80
[2018-07-17 18:27:58] DEBUG [_make_request: connectionpool.py, 393] http://api.erp.36solo.com:80 "POST /machine/locale/add HTTP/1.1" 200 None
[2018-07-17 18:28:00] DEBUG [_new_conn: connectionpool.py, 205] Starting new HTTP connection (1): api.erp.36solo.com:80
[2018-07-17 18:28:00] DEBUG [_make_request: connectionpool.py, 393] http://api.erp.36solo.com:80 "POST /machine/locale/add HTTP/1.1" 200 None
[2018-07-17 18:31:37] DEBUG [_new_conn: connectionpool.py, 205] Starting new HTTP connection (1): api.erp.36solo.com:80
[2018-07-17 18:31:37] DEBUG [_make_request: connectionpool.py, 393] http://api.erp.36solo.com:80 "POST /machine/locale/list HTTP/1.1" 200 None
[2018-07-17 18:38:35] INFO [info: log.py, 20] ------------------START----------------
[2018-07-17 18:38:35] INFO [info: log.py, 20] 请求数据:{"remark": 1111, "name": 1111, "mobile": 18855667788, "mall": 1111, "areaCode": 1111, "manager": 1111}
[2018-07-17 18:38:35] INFO [info: log.py, 20] 请求Appid:dp1svA1gkNt8cQMkoIv7HmD1
[2018-07-17 18:38:35] DEBUG [_new_conn: connectionpool.py, 205] Starting new HTTP connection (1): api.erp.36solo.com:80
[2018-07-17 18:38:35] DEBUG [_make_request: connectionpool.py, 393] http://api.erp.36solo.com:80 "POST /machine/locale/add HTTP/1.1" 200 None
[2018-07-17 18:38:35] INFO [info: log.py, 20] ------------------START----------------
[2018-07-17 18:38:35] INFO [info: log.py, 20] 请求数据:{"keword": null, "code": null, "pageNo": null}
[2018-07-17 18:38:35] INFO [info: log.py, 20] 请求Appid:dp1svA1gkNt8cQMkoIv7HmD1
[2018-07-17 18:38:35] DEBUG [_new_conn: connectionpool.py, 205] Starting new HTTP connection (1): api.erp.36solo.com:80
[2018-07-17 18:38:35] DEBUG [_make_request: connectionpool.py, 393] http://api.erp.36solo.com:80 "POST /machine/locale/getList HTTP/1.1" 200 None
[2018-07-17 18:38:36] INFO [info: log.py, 20] ------------------START----------------
[2018-07-17 18:38:36] INFO [info: log.py, 20] 请求数据:{"keword": null, "code": null, "pageNo": null}
[2018-07-17 18:38:36] INFO [info: log.py, 20] 请求Appid:dp1svA1gkNt8cQMkoIv7HmD1
[2018-07-17 18:38:36] DEBUG [_new_conn: connectionpool.py, 205] Starting new HTTP connection (1): api.erp.36solo.com:80
[2018-07-17 18:38:36] DEBUG [_make_request: connectionpool.py, 393] http://api.erp.36solo.com:80 "POST /machine/locale/list HTTP/1.1" 200 None
[2018-07-17 18:39:42] INFO [info: log.py, 20] ------------------START----------------
[2018-07-17 18:39:42] INFO [info: log.py, 20] 请求数据:{"remark": 1111, "name": 1111, "mobile": 18855667788, "mall": 1111, "areaCode": 1111, "manager": 11116}
[2018-07-17 18:39:42] INFO [info: log.py, 20] 请求Appid:dp1svA1gkNt8cQMkoIv7HmD1
[2018-07-17 18:39:42] DEBUG [_new_conn: connectionpool.py, 205] Starting new HTTP connection (1): api.erp.36solo.com:80
[2018-07-17 18:39:42] DEBUG [_make_request: connectionpool.py, 393] http://api.erp.36solo.com:80 "POST /machine/locale/add HTTP/1.1" 200 None
[2018-07-17 18:39:42] INFO [info: log.py, 20] ------------------START----------------
[2018-07-17 18:39:42] INFO [info: log.py, 20] 请求数据:{"keword": null, "code": null, "pageNo": null}
[2018-07-17 18:39:42] INFO [info: log.py, 20] 请求Appid:dp1svA1gkNt8cQMkoIv7HmD1
[2018-07-17 18:39:42] DEBUG [_new_conn: connectionpool.py, 205] Starting new HTTP connection (1): api.erp.36solo.com:80
[2018-07-17 18:39:42] DEBUG [_make_request: connectionpool.py, 393] http://api.erp.36solo.com:80 "POST /machine/locale/getList HTTP/1.1" 200 None
[2018-07-17 18:39:42] INFO [info: log.py, 20] ------------------START----------------
[2018-07-17 18:39:42] INFO [info: log.py, 20] 请求数据:{"keword": null, "code": null, "pageNo": null}
[2018-07-17 18:39:42] INFO [info: log.py, 20] 请求Appid:dp1svA1gkNt8cQMkoIv7HmD1
[2018-07-17 18:39:42] DEBUG [_new_conn: connectionpool.py, 205] Starting new HTTP connection (1): api.erp.36solo.com:80
[2018-07-17 18:39:42] DEBUG [_make_request: connectionpool.py, 393] http://api.erp.36solo.com:80 "POST /machine/locale/list HTTP/1.1" 200 None
[2018-07-18 16:07:18] INFO [info: log.py, 20] ------------------START----------------
[2018-07-18 16:07:18] INFO [info: log.py, 20] 请求数据:{"remark": 1111, "name": 11311, "mobile": 18855667788, "mall": 1111, "areaCode": 1111, "manager": 11116}
[2018-07-18 16:07:18] INFO [info: log.py, 20] 请求Appid:dp1svA1gkNt8cQMkoIv7HmD1
[2018-07-18 16:07:18] DEBUG [_new_conn: connectionpool.py, 205] Starting new HTTP connection (1): api.erp.36solo.com:80
[2018-07-18 16:07:18] DEBUG [_make_request: connectionpool.py, 393] http://api.erp.36solo.com:80 "POST /machine/locale/add HTTP/1.1" 200 None
[2018-07-18 16:07:18] INFO [info: log.py, 20] ------------------START----------------
[2018-07-18 16:07:18] INFO [info: log.py, 20] 请求数据:{"keword": null, "code": null, "pageNo": null}
[2018-07-18 16:07:18] INFO [info: log.py, 20] 请求Appid:dp1svA1gkNt8cQMkoIv7HmD1
[2018-07-18 16:07:18] DEBUG [_new_conn: connectionpool.py, 205] Starting new HTTP connection (1): api.erp.36solo.com:80
[2018-07-18 16:07:18] DEBUG [_make_request: connectionpool.py, 393] http://api.erp.36solo.com:80 "POST /machine/locale/getList HTTP/1.1" 200 None
[2018-07-18 16:07:18] INFO [info: log.py, 20] ------------------START----------------
[2018-07-18 16:07:18] INFO [info: log.py, 20] 请求数据:{"keword": null, "code": null, "pageNo": null}
[2018-07-18 16:07:18] INFO [info: log.py, 20] 请求Appid:dp1svA1gkNt8cQMkoIv7HmD1
[2018-07-18 16:07:18] DEBUG [_new_conn: connectionpool.py, 205] Starting new HTTP connection (1): api.erp.36solo.com:80
[2018-07-18 16:07:18] DEBUG [_make_request: connectionpool.py, 393] http://api.erp.36solo.com:80 "POST /machine/locale/list HTTP/1.1" 200 None
[2018-07-18 16:18:21] INFO [info: log.py, 20] ------------------START----------------
[2018-07-18 16:18:21] INFO [info: log.py, 20] 请求数据:{"remark": 1111, "name": 11311, "mobile": 18855667788, "mall": 1111, "areaCode": 1111, "manager": 11116}
[2018-07-18 16:18:21] INFO [info: log.py, 20] 请求Appid:dp1svA1gkNt8cQMkoIv7HmD1
[2018-07-18 16:18:21] DEBUG [_new_conn: connectionpool.py, 205] Starting new HTTP connection (1): api.erp.36solo.com:80
[2018-07-18 16:18:21] DEBUG [_make_request: connectionpool.py, 393] http://api.erp.36solo.com:80 "POST /machine/locale/add HTTP/1.1" 200 None
[2018-07-18 16:18:21] INFO [info: log.py, 20] ------------------START----------------
[2018-07-18 16:18:21] INFO [info: log.py, 20] 请求数据:{"keword": null, "code": null, "pageNo": null}
[2018-07-18 16:18:21] INFO [info: log.py, 20] 请求Appid:dp1svA1gkNt8cQMkoIv7HmD1
[2018-07-18 16:18:21] DEBUG [_new_conn: connectionpool.py, 205] Starting new HTTP connection (1): api.erp.36solo.com:80
[2018-07-18 16:18:21] DEBUG [_make_request: connectionpool.py, 393] http://api.erp.36solo.com:80 "POST /machine/locale/getList HTTP/1.1" 200 None
[2018-07-18 16:18:21] INFO [info: log.py, 20] ------------------START----------------
[2018-07-18 16:18:21] INFO [info: log.py, 20] 请求数据:{"keword": null, "code": null, "pageNo": null}
[2018-07-18 16:18:21] INFO [info: log.py, 20] 请求Appid:dp1svA1gkNt8cQMkoIv7HmD1
[2018-07-18 16:18:21] DEBUG [_new_conn: connectionpool.py, 205] Starting new HTTP connection (1): api.erp.36solo.com:80
[2018-07-18 16:18:21] DEBUG [_make_request: connectionpool.py, 393] http://api.erp.36solo.com:80 "POST /machine/locale/list HTTP/1.1" 200 None
[2018-07-18 16:33:59] DEBUG [_new_conn: connectionpool.py, 205] Starting new HTTP connection (1): api.erp.36solo.com:80
[2018-07-18 16:34:00] DEBUG [_make_request: connectionpool.py, 393] http://api.erp.36solo.com:80 "POST /machine/locale/add HTTP/1.1" 200 None
[2018-07-18 16:37:31] DEBUG [_new_conn: connectionpool.py, 205] Starting new HTTP connection (1): api.erp.36solo.com:80
[2018-07-18 16:37:31] DEBUG [_make_request: connectionpool.py, 393] http://api.erp.36solo.com:80 "POST /machine/locale/add HTTP/1.1" 200 None
[2018-07-18 16:38:35] DEBUG [_new_conn: connectionpool.py, 205] Starting new HTTP connection (1): api.erp.36solo.com:80
[2018-07-18 16:38:35] DEBUG [_make_request: connectionpool.py, 393] http://api.erp.36solo.com:80 "POST /machine/locale/add HTTP/1.1" 200 None
[2018-07-18 16:38:42] DEBUG [_new_conn: connectionpool.py, 205] Starting new HTTP connection (1): api.erp.36solo.com:80
[2018-07-18 16:38:42] DEBUG [_make_request: connectionpool.py, 393] http://api.erp.36solo.com:80 "POST /machine/locale/add HTTP/1.1" 200 None
[2018-07-18 16:39:33] INFO [info: log.py, 20] ------------------START----------------
[2018-07-18 16:39:33] INFO [info: log.py, 20] 请求数据:{"areaCode": 1111, "mobile": 18855667788, "manager": 11116, "mall": 1111, "name": 11311}
[2018-07-18 16:39:33] INFO [info: log.py, 20] 请求Appid:dp1svA1gkNt8cQMkoIv7HmD1
[2018-07-18 16:39:33] DEBUG [_new_conn: connectionpool.py, 205] Starting new HTTP connection (1): api.erp.36solo.com:80
[2018-07-18 16:39:33] DEBUG [_make_request: connectionpool.py, 393] http://api.erp.36solo.com:80 "POST /machine/locale/add HTTP/1.1" 200 None
[2018-07-18 16:39:33] INFO [info: log.py, 20] ------------------START----------------
[2018-07-18 16:39:33] INFO [info: log.py, 20] 请求数据:{"keword": null, "code": null, "pageNo": null}
[2018-07-18 16:39:33] INFO [info: log.py, 20] 请求Appid:dp1svA1gkNt8cQMkoIv7HmD1
[2018-07-18 16:39:33] DEBUG [_new_conn: connectionpool.py, 205] Starting new HTTP connection (1): api.erp.36solo.com:80
[2018-07-18 16:39:33] DEBUG [_make_request: connectionpool.py, 393] http://api.erp.36solo.com:80 "POST /machine/locale/getList HTTP/1.1" 200 None
[2018-07-18 16:39:33] INFO [info: log.py, 20] ------------------START----------------
[2018-07-18 16:39:33] INFO [info: log.py, 20] 请求数据:{"keword": null, "code": null, "pageNo": null}
[2018-07-18 16:39:33] INFO [info: log.py, 20] 请求Appid:dp1svA1gkNt8cQMkoIv7HmD1
[2018-07-18 16:39:33] DEBUG [_new_conn: connectionpool.py, 205] Starting new HTTP connection (1): api.erp.36solo.com:80
[2018-07-18 16:39:34] DEBUG [_make_request: connectionpool.py, 393] http://api.erp.36solo.com:80 "POST /machine/locale/list HTTP/1.1" 200 None
[2018-07-18 16:46:09] INFO [info: log.py, 20] ------------------START----------------
[2018-07-18 16:46:09] INFO [info: log.py, 20] 请求数据:{"areaCode": 1111, "mobile": 18855667788, "manager": 11116, "mall": 1111, "name": 11311}
[2018-07-18 16:46:09] INFO [info: log.py, 20] 请求Appid:dp1svA1gkNt8cQMkoIv7HmD1
[2018-07-18 16:46:09] DEBUG [_new_conn: connectionpool.py, 205] Starting new HTTP connection (1): api.erp.36solo.com:80
[2018-07-18 16:46:09] DEBUG [_make_request: connectionpool.py, 393] http://api.erp.36solo.com:80 "POST /machine/locale/add HTTP/1.1" 200 None
[2018-07-18 16:46:09] INFO [info: log.py, 20] ------------------START----------------
[2018-07-18 16:46:09] INFO [info: log.py, 20] 请求数据:{"keword": null, "code": null, "pageNo": null}
[2018-07-18 16:46:09] INFO [info: log.py, 20] 请求Appid:dp1svA1gkNt8cQMkoIv7HmD1
[2018-07-18 16:46:09] DEBUG [_new_conn: connectionpool.py, 205] Starting new HTTP connection (1): api.erp.36solo.com:80
[2018-07-18 16:46:09] DEBUG [_make_request: connectionpool.py, 393] http://api.erp.36solo.com:80 "POST /machine/locale/getList HTTP/1.1" 200 None
[2018-07-18 16:46:09] INFO [info: log.py, 20] ------------------START----------------
[2018-07-18 16:46:09] INFO [info: log.py, 20] 请求数据:{"keword": null, "code": null, "pageNo": null}
[2018-07-18 16:46:09] INFO [info: log.py, 20] 请求Appid:dp1svA1gkNt8cQMkoIv7HmD1
[2018-07-18 16:46:09] DEBUG [_new_conn: connectionpool.py, 205] Starting new HTTP connection (1): api.erp.36solo.com:80
[2018-07-18 16:46:09] DEBUG [_make_request: connectionpool.py, 393] http://api.erp.36solo.com:80 "POST /machine/locale/list HTTP/1.1" 200 None
[2018-07-18 16:46:14] INFO [info: log.py, 20] ------------------START----------------
[2018-07-18 16:46:14] INFO [info: log.py, 20] 请求数据:{"areaCode": 1111, "mobile": 18855667788, "manager": 11116, "mall": 1111, "name": 11311}
[2018-07-18 16:46:14] INFO [info: log.py, 20] 请求Appid:dp1svA1gkNt8cQMkoIv7HmD1
[2018-07-18 16:46:14] DEBUG [_new_conn: connectionpool.py, 205] Starting new HTTP connection (1): api.erp.36solo.com:80
[2018-07-18 16:46:14] DEBUG [_make_request: connectionpool.py, 393] http://api.erp.36solo.com:80 "POST /machine/locale/add HTTP/1.1" 200 None
[2018-07-18 16:46:14] INFO [info: log.py, 20] ------------------START----------------
[2018-07-18 16:46:14] INFO [info: log.py, 20] 请求数据:{"keword": null, "code": null, "pageNo": null}
[2018-07-18 16:46:14] INFO [info: log.py, 20] 请求Appid:dp1svA1gkNt8cQMkoIv7HmD1
[2018-07-18 16:46:14] DEBUG [_new_conn: connectionpool.py, 205] Starting new HTTP connection (1): api.erp.36solo.com:80
[2018-07-18 16:46:14] DEBUG [_make_request: connectionpool.py, 393] http://api.erp.36solo.com:80 "POST /machine/locale/getList HTTP/1.1" 200 None
[2018-07-18 16:46:14] INFO [info: log.py, 20] ------------------START----------------
[2018-07-18 16:46:14] INFO [info: log.py, 20] 请求数据:{"keword": null, "code": null, "pageNo": null}
[2018-07-18 16:46:14] INFO [info: log.py, 20] 请求Appid:dp1svA1gkNt8cQMkoIv7HmD1
[2018-07-18 16:46:14] DEBUG [_new_conn: connectionpool.py, 205] Starting new HTTP connection (1): api.erp.36solo.com:80
[2018-07-18 16:46:14] DEBUG [_make_request: connectionpool.py, 393] http://api.erp.36solo.com:80 "POST /machine/locale/list HTTP/1.1" 200 None
[2018-07-18 16:46:18] INFO [info: log.py, 20] ------------------START----------------
[2018-07-18 16:46:18] INFO [info: log.py, 20] 请求数据:{"areaCode": 1111, "mobile": 18855667788, "manager": 11116, "mall": 1111, "name": 11311}
[2018-07-18 16:46:18] INFO [info: log.py, 20] 请求Appid:dp1svA1gkNt8cQMkoIv7HmD1
[2018-07-18 16:46:18] DEBUG [_new_conn: connectionpool.py, 205] Starting new HTTP connection (1): api.erp.36solo.com:80
[2018-07-18 16:46:18] DEBUG [_make_request: connectionpool.py, 393] http://api.erp.36solo.com:80 "POST /machine/locale/add HTTP/1.1" 200 None
[2018-07-18 16:46:18] INFO [info: log.py, 20] ------------------START----------------
[2018-07-18 16:46:18] INFO [info: log.py, 20] 请求数据:{"keword": null, "code": null, "pageNo": null}
[2018-07-18 16:46:18] INFO [info: log.py, 20] 请求Appid:dp1svA1gkNt8cQMkoIv7HmD1
[2018-07-18 16:46:18] DEBUG [_new_conn: connectionpool.py, 205] Starting new HTTP connection (1): api.erp.36solo.com:80
[2018-07-18 16:46:18] DEBUG [_make_request: connectionpool.py, 393] http://api.erp.36solo.com:80 "POST /machine/locale/getList HTTP/1.1" 200 None
[2018-07-18 16:46:18] INFO [info: log.py, 20] ------------------START----------------
[2018-07-18 16:46:18] INFO [info: log.py, 20] 请求数据:{"keword": null, "code": null, "pageNo": null}
[2018-07-18 16:46:18] INFO [info: log.py, 20] 请求Appid:dp1svA1gkNt8cQMkoIv7HmD1
[2018-07-18 16:46:18] DEBUG [_new_conn: connectionpool.py, 205] Starting new HTTP connection (1): api.erp.36solo.com:80
[2018-07-18 16:46:18] DEBUG [_make_request: connectionpool.py, 393] http://api.erp.36solo.com:80 "POST /machine/locale/list HTTP/1.1" 200 None
[2018-07-18 16:46:38] INFO [info: log.py, 20] ------------------START----------------
[2018-07-18 16:46:38] INFO [info: log.py, 20] 请求数据:{"areaCode": 1111, "mobile": 18855667788, "manager": 11116, "mall": 1111, "name": 11311}
[2018-07-18 16:46:38] INFO [info: log.py, 20] 请求Appid:dp1svA1gkNt8cQMkoIv7HmD1
[2018-07-18 16:46:38] DEBUG [_new_conn: connectionpool.py, 205] Starting new HTTP connection (1): api.erp.36solo.com:80
[2018-07-18 16:46:39] DEBUG [_make_request: connectionpool.py, 393] http://api.erp.36solo.com:80 "POST /machine/locale/add HTTP/1.1" 200 None
[2018-07-18 16:46:39] INFO [info: log.py, 20] ------------------START----------------
[2018-07-18 16:46:39] INFO [info: log.py, 20] 请求数据:{"keword": null, "code": null, "pageNo": null}
[2018-07-18 16:46:39] INFO [info: log.py, 20] 请求Appid:dp1svA1gkNt8cQMkoIv7HmD1
[2018-07-18 16:46:39] DEBUG [_new_conn: connectionpool.py, 205] Starting new HTTP connection (1): api.erp.36solo.com:80
[2018-07-18 16:46:39] DEBUG [_make_request: connectionpool.py, 393] http://api.erp.36solo.com:80 "POST /machine/locale/getList HTTP/1.1" 200 None
[2018-07-18 16:46:39] INFO [info: log.py, 20] ------------------START----------------
[2018-07-18 16:46:39] INFO [info: log.py, 20] 请求数据:{"keword": null, "code": null, "pageNo": null}
[2018-07-18 16:46:39] INFO [info: log.py, 20] 请求Appid:dp1svA1gkNt8cQMkoIv7HmD1
[2018-07-18 16:46:39] DEBUG [_new_conn: connectionpool.py, 205] Starting new HTTP connection (1): api.erp.36solo.com:80
[2018-07-18 16:46:39] DEBUG [_make_request: connectionpool.py, 393] http://api.erp.36solo.com:80 "POST /machine/locale/list HTTP/1.1" 200 None
[2018-07-18 16:46:42] INFO [info: log.py, 20] ------------------START----------------
[2018-07-18 16:46:42] INFO [info: log.py, 20] 请求数据:{"areaCode": 1111, "mobile": 18855667788, "manager": 11116, "mall": 1111, "name": 11311}
[2018-07-18 16:46:42] INFO [info: log.py, 20] 请求Appid:dp1svA1gkNt8cQMkoIv7HmD1
[2018-07-18 16:46:42] DEBUG [_new_conn: connectionpool.py, 205] Starting new HTTP connection (1): api.erp.36solo.com:80
[2018-07-18 16:46:42] DEBUG [_make_request: connectionpool.py, 393] http://api.erp.36solo.com:80 "POST /machine/locale/add HTTP/1.1" 200 None
[2018-07-18 16:46:42] INFO [info: log.py, 20] ------------------START----------------
[2018-07-18 16:46:42] INFO [info: log.py, 20] 请求数据:{"keword": null, "code": null, "pageNo": null}
[2018-07-18 16:46:42] INFO [info: log.py, 20] 请求Appid:dp1svA1gkNt8cQMkoIv7HmD1
[2018-07-18 16:46:42] DEBUG [_new_conn: connectionpool.py, 205] Starting new HTTP connection (1): api.erp.36solo.com:80
[2018-07-18 16:46:42] DEBUG [_make_request: connectionpool.py, 393] http://api.erp.36solo.com:80 "POST /machine/locale/getList HTTP/1.1" 200 None
[2018-07-18 16:46:42] INFO [info: log.py, 20] ------------------START----------------
[2018-07-18 16:46:42] INFO [info: log.py, 20] 请求数据:{"keword": null, "code": null, "pageNo": null}
[2018-07-18 16:46:42] INFO [info: log.py, 20] 请求Appid:dp1svA1gkNt8cQMkoIv7HmD1
[2018-07-18 16:46:42] DEBUG [_new_conn: connectionpool.py, 205] Starting new HTTP connection (1): api.erp.36solo.com:80
[2018-07-18 16:46:42] DEBUG [_make_request: connectionpool.py, 393] http://api.erp.36solo.com:80 "POST /machine/locale/list HTTP/1.1" 200 None
[2018-07-18 16:46:45] INFO [info: log.py, 20] ------------------START----------------
[2018-07-18 16:46:45] INFO [info: log.py, 20] 请求数据:{"areaCode": 1111, "mobile": 18855667788, "manager": 11116, "mall": 1111, "name": 11311}
[2018-07-18 16:46:45] INFO [info: log.py, 20] 请求Appid:dp1svA1gkNt8cQMkoIv7HmD1
[2018-07-18 16:46:45] DEBUG [_new_conn: connectionpool.py, 205] Starting new HTTP connection (1): api.erp.36solo.com:80
[2018-07-18 16:46:45] DEBUG [_make_request: connectionpool.py, 393] http://api.erp.36solo.com:80 "POST /machine/locale/add HTTP/1.1" 200 None
[2018-07-18 16:46:45] INFO [info: log.py, 20] ------------------START----------------
[2018-07-18 16:46:45] INFO [info: log.py, 20] 请求数据:{"keword": null, "code": null, "pageNo": null}
[2018-07-18 16:46:45] INFO [info: log.py, 20] 请求Appid:dp1svA1gkNt8cQMkoIv7HmD1
[2018-07-18 16:46:45] DEBUG [_new_conn: connectionpool.py, 205] Starting new HTTP connection (1): api.erp.36solo.com:80
[2018-07-18 16:46:45] DEBUG [_make_request: connectionpool.py, 393] http://api.erp.36solo.com:80 "POST /machine/locale/getList HTTP/1.1" 200 None
[2018-07-18 16:46:45] INFO [info: log.py, 20] ------------------START----------------
[2018-07-18 16:46:45] INFO [info: log.py, 20] 请求数据:{"keword": null, "code": null, "pageNo": null}
[2018-07-18 16:46:45] INFO [info: log.py, 20] 请求Appid:dp1svA1gkNt8cQMkoIv7HmD1
[2018-07-18 16:46:45] DEBUG [_new_conn: connectionpool.py, 205] Starting new HTTP connection (1): api.erp.36solo.com:80
[2018-07-18 16:46:45] DEBUG [_make_request: connectionpool.py, 393] http://api.erp.36solo.com:80 "POST /machine/locale/list HTTP/1.1" 200 None
[2018-07-18 16:46:49] INFO [info: log.py, 20] ------------------START----------------
[2018-07-18 16:46:49] INFO [info: log.py, 20] 请求数据:{"areaCode": 1111, "mobile": 18855667788, "manager": 11116, "mall": 1111, "name": 11311}
[2018-07-18 16:46:49] INFO [info: log.py, 20] 请求Appid:dp1svA1gkNt8cQMkoIv7HmD1
[2018-07-18 16:46:49] DEBUG [_new_conn: connectionpool.py, 205] Starting new HTTP connection (1): api.erp.36solo.com:80
[2018-07-18 16:46:49] DEBUG [_make_request: connectionpool.py, 393] http://api.erp.36solo.com:80 "POST /machine/locale/add HTTP/1.1" 200 None
[2018-07-18 16:46:49] INFO [info: log.py, 20] ------------------START----------------
[2018-07-18 16:46:49] INFO [info: log.py, 20] 请求数据:{"keword": null, "code": null, "pageNo": null}
[2018-07-18 16:46:49] INFO [info: log.py, 20] 请求Appid:dp1svA1gkNt8cQMkoIv7HmD1
[2018-07-18 16:46:49] DEBUG [_new_conn: connectionpool.py, 205] Starting new HTTP connection (1): api.erp.36solo.com:80
[2018-07-18 16:46:49] DEBUG [_make_request: connectionpool.py, 393] http://api.erp.36solo.com:80 "POST /machine/locale/getList HTTP/1.1" 200 None
[2018-07-18 16:46:49] INFO [info: log.py, 20] ------------------START----------------
[2018-07-18 16:46:49] INFO [info: log.py, 20] 请求数据:{"keword": null, "code": null, "pageNo": null}
[2018-07-18 16:46:49] INFO [info: log.py, 20] 请求Appid:dp1svA1gkNt8cQMkoIv7HmD1
[2018-07-18 16:46:49] DEBUG [_new_conn: connectionpool.py, 205] Starting new HTTP connection (1): api.erp.36solo.com:80
[2018-07-18 16:46:49] DEBUG [_make_request: connectionpool.py, 393] http://api.erp.36solo.com:80 "POST /machine/locale/list HTTP/1.1" 200 None
[2018-07-18 16:54:41] INFO [info: log.py, 20] ------------------START----------------
[2018-07-18 16:54:41] INFO [info: log.py, 20] 请求数据:{"areaCode": "11", "mobile": "18899990000", "manager": "66", "mall": "55", "name": "33"}
[2018-07-18 16:54:41] INFO [info: log.py, 20] 请求Appid:dp1svA1gkNt8cQMkoIv7HmD1
[2018-07-18 16:54:41] DEBUG [_new_conn: connectionpool.py, 205] Starting new HTTP connection (1): api.erp.36solo.com:80
[2018-07-18 16:54:41] DEBUG [_make_request: connectionpool.py, 393] http://api.erp.36solo.com:80 "POST /machine/locale/add HTTP/1.1" 200 None
[2018-07-18 16:54:41] INFO [info: log.py, 20] ------------------START----------------
[2018-07-18 16:54:41] INFO [info: log.py, 20] 请求数据:{"keword": null, "code": null, "pageNo": null}
[2018-07-18 16:54:41] INFO [info: log.py, 20] 请求Appid:dp1svA1gkNt8cQMkoIv7HmD1
[2018-07-18 16:54:41] DEBUG [_new_conn: connectionpool.py, 205] Starting new HTTP connection (1): api.erp.36solo.com:80
[2018-07-18 16:54:41] DEBUG [_make_request: connectionpool.py, 393] http://api.erp.36solo.com:80 "POST /machine/locale/getList HTTP/1.1" 200 None
[2018-07-18 16:54:41] INFO [info: log.py, 20] ------------------START----------------
[2018-07-18 16:54:41] INFO [info: log.py, 20] 请求数据:{"keword": null, "code": null, "pageNo": null}
[2018-07-18 16:54:41] INFO [info: log.py, 20] 请求Appid:dp1svA1gkNt8cQMkoIv7HmD1
[2018-07-18 16:54:41] DEBUG [_new_conn: connectionpool.py, 205] Starting new HTTP connection (1): api.erp.36solo.com:80
[2018-07-18 16:54:42] DEBUG [_make_request: connectionpool.py, 393] http://api.erp.36solo.com:80 "POST /machine/locale/list HTTP/1.1" 200 None
[2018-07-18 16:56:46] INFO [info: log.py, 20] ------------------START----------------
[2018-07-18 16:56:46] INFO [info: log.py, 20] 请求数据:{"areaCode": "11", "mobile": "18899990000", "manager": "66", "mall": "55", "name": "33"}
[2018-07-18 16:56:46] INFO [info: log.py, 20] 请求Appid:dp1svA1gkNt8cQMkoIv7HmD1
[2018-07-18 16:56:46] DEBUG [_new_conn: connectionpool.py, 205] Starting new HTTP connection (1): api.erp.36solo.com:80
[2018-07-18 16:56:46] DEBUG [_make_request: connectionpool.py, 393] http://api.erp.36solo.com:80 "POST /machine/locale/add HTTP/1.1" 200 None
[2018-07-18 16:56:46] INFO [info: log.py, 20] ------------------START----------------
[2018-07-18 16:56:46] INFO [info: log.py, 20] 请求数据:{"keword": null, "code": null, "pageNo": null}
[2018-07-18 16:56:46] INFO [info: log.py, 20] 请求Appid:dp1svA1gkNt8cQMkoIv7HmD1
[2018-07-18 16:56:46] DEBUG [_new_conn: connectionpool.py, 205] Starting new HTTP connection (1): api.erp.36solo.com:80
[2018-07-18 16:56:46] DEBUG [_make_request: connectionpool.py, 393] http://api.erp.36solo.com:80 "POST /machine/locale/getList HTTP/1.1" 200 None
[2018-07-18 16:56:46] INFO [info: log.py, 20] ------------------START----------------
[2018-07-18 16:56:46] INFO [info: log.py, 20] 请求数据:{"keword": null, "code": null, "pageNo": null}
[2018-07-18 16:56:46] INFO [info: log.py, 20] 请求Appid:dp1svA1gkNt8cQMkoIv7HmD1
[2018-07-18 16:56:46] DEBUG [_new_conn: connectionpool.py, 205] Starting new HTTP connection (1): api.erp.36solo.com:80
[2018-07-18 16:56:46] DEBUG [_make_request: connectionpool.py, 393] http://api.erp.36solo.com:80 "POST /machine/locale/list HTTP/1.1" 200 None
[2018-07-18 17:35:10] INFO [info: log.py, 20] ------------------START----------------
[2018-07-18 17:35:10] INFO [info: log.py, 20] 请求数据:{"areaCode": "11", "mobile": "18899990000", "manager": "66", "mall": "55", "name": "33"}
[2018-07-18 17:35:10] INFO [info: log.py, 20] 请求Appid:dp1svA1gkNt8cQMkoIv7HmD1
[2018-07-18 17:35:10] DEBUG [_new_conn: connectionpool.py, 205] Starting new HTTP connection (1): api.erp.36solo.com:80
[2018-07-18 17:35:11] DEBUG [_make_request: connectionpool.py, 393] http://api.erp.36solo.com:80 "POST /machine/locale/add HTTP/1.1" 200 None
[2018-07-18 17:35:11] INFO [info: log.py, 20] ------------------START----------------
[2018-07-18 17:35:11] INFO [info: log.py, 20] 请求数据:{"id": "013188e098274c2aaa64b1a47d6fe884"}
[2018-07-18 17:35:11] INFO [info: log.py, 20] 请求Appid:dp1svA1gkNt8cQMkoIv7HmD1
[2018-07-18 17:35:11] DEBUG [_new_conn: connectionpool.py, 205] Starting new HTTP connection (1): api.erp.36solo.com:80
[2018-07-18 17:35:11] DEBUG [_make_request: connectionpool.py, 393] http://api.erp.36solo.com:80 "POST /machine/locale/detail HTTP/1.1" 200 None
[2018-07-18 17:35:11] INFO [info: log.py, 20] ------------------START----------------
[2018-07-18 17:35:11] INFO [info: log.py, 20] 请求数据:{"keword": null, "code": null, "pageNo": null}
[2018-07-18 17:35:11] INFO [info: log.py, 20] 请求Appid:dp1svA1gkNt8cQMkoIv7HmD1
[2018-07-18 17:35:11] DEBUG [_new_conn: connectionpool.py, 205] Starting new HTTP connection (1): api.erp.36solo.com:80
[2018-07-18 17:35:11] DEBUG [_make_request: connectionpool.py, 393] http://api.erp.36solo.com:80 "POST /machine/locale/getList HTTP/1.1" 200 None
[2018-07-18 17:35:11] INFO [info: log.py, 20] ------------------START----------------
[2018-07-18 17:35:11] INFO [info: log.py, 20] 请求数据:{"keword": null, "code": null, "pageNo": null}
[2018-07-18 17:35:11] INFO [info: log.py, 20] 请求Appid:dp1svA1gkNt8cQMkoIv7HmD1
[2018-07-18 17:35:11] DEBUG [_new_conn: connectionpool.py, 205] Starting new HTTP connection (1): api.erp.36solo.com:80
[2018-07-18 17:35:12] DEBUG [_make_request: connectionpool.py, 393] http://api.erp.36solo.com:80 "POST /machine/locale/list HTTP/1.1" 200 None
[2018-07-18 17:35:17] INFO [info: log.py, 20] ------------------START----------------
[2018-07-18 17:35:17] INFO [info: log.py, 20] 请求数据:{"mobile": "18900009999", "id": "013188e098274c2aaa64b1a47d6fe884"}
[2018-07-18 17:35:17] INFO [info: log.py, 20] 请求Appid:dp1svA1gkNt8cQMkoIv7HmD1
[2018-07-18 17:35:17] DEBUG [_new_conn: connectionpool.py, 205] Starting new HTTP connection (1): api.erp.36solo.com:80
[2018-07-18 17:35:20] DEBUG [_make_request: connectionpool.py, 393] http://api.erp.36solo.com:80 "POST /machine/locale/update HTTP/1.1" 200 None
[2018-07-18 17:39:44] INFO [info: log.py, 20] ------------------START----------------
[2018-07-18 17:39:44] INFO [info: log.py, 20] 请求数据:{"areaCode": "11", "mobile": "18899990000", "manager": "66", "mall": "55", "name": "33"}
[2018-07-18 17:39:44] INFO [info: log.py, 20] 请求Appid:dp1svA1gkNt8cQMkoIv7HmD1
[2018-07-18 17:39:57] DEBUG [_new_conn: connectionpool.py, 205] Starting new HTTP connection (1): api.erp.36solo.com:80
[2018-07-18 17:39:57] DEBUG [_make_request: connectionpool.py, 393] http://api.erp.36solo.com:80 "POST /machine/locale/add HTTP/1.1" 200 None
[2018-07-18 17:41:20] INFO [info: log.py, 20] ------------------START----------------
[2018-07-18 17:41:20] INFO [info: log.py, 20] 请求数据:{"areaCode": "11", "mobile": "18899990000", "manager": "66", "mall": "55", "name": "33"}
[2018-07-18 17:41:20] INFO [info: log.py, 20] 请求Appid:dp1svA1gkNt8cQMkoIv7HmD1
[2018-07-18 17:41:20] DEBUG [_new_conn: connectionpool.py, 205] Starting new HTTP connection (1): api.erp.36solo.com:80
[2018-07-18 17:41:20] DEBUG [_make_request: connectionpool.py, 393] http://api.erp.36solo.com:80 "POST /machine/locale/add HTTP/1.1" 200 None
[2018-07-18 17:41:20] INFO [info: log.py, 20] ------------------START----------------
[2018-07-18 17:41:20] INFO [info: log.py, 20] 请求数据:{"id": "013188e098274c2aaa64b1a47d6fe884"}
[2018-07-18 17:41:20] INFO [info: log.py, 20] 请求Appid:dp1svA1gkNt8cQMkoIv7HmD1
[2018-07-18 17:41:20] DEBUG [_new_conn: connectionpool.py, 205] Starting new HTTP connection (1): api.erp.36solo.com:80
[2018-07-18 17:41:20] DEBUG [_make_request: connectionpool.py, 393] http://api.erp.36solo.com:80 "POST /machine/locale/detail HTTP/1.1" 200 None
[2018-07-18 17:41:20] INFO [info: log.py, 20] ------------------START----------------
[2018-07-18 17:41:20] INFO [info: log.py, 20] 请求数据:{"keword": null, "code": null, "pageNo": null}
[2018-07-18 17:41:20] INFO [info: log.py, 20] 请求Appid:dp1svA1gkNt8cQMkoIv7HmD1
[2018-07-18 17:41:20] DEBUG [_new_conn: connectionpool.py, 205] Starting new HTTP connection (1): api.erp.36solo.com:80
[2018-07-18 17:41:20] DEBUG [_make_request: connectionpool.py, 393] http://api.erp.36solo.com:80 "POST /machine/locale/getList HTTP/1.1" 200 None
[2018-07-18 17:41:20] INFO [info: log.py, 20] ------------------START----------------
[2018-07-18 17:41:20] INFO [info: log.py, 20] 请求数据:{"keword": null, "code": null, "pageNo": null}
[2018-07-18 17:41:20] INFO [info: log.py, 20] 请求Appid:dp1svA1gkNt8cQMkoIv7HmD1
[2018-07-18 17:41:20] DEBUG [_new_conn: connectionpool.py, 205] Starting new HTTP connection (1): api.erp.36solo.com:80
[2018-07-18 17:41:20] DEBUG [_make_request: connectionpool.py, 393] http://api.erp.36solo.com:80 "POST /machine/locale/list HTTP/1.1" 200 None
[2018-07-18 17:41:20] INFO [info: log.py, 20] ------------------START----------------
[2018-07-18 17:41:20] INFO [info: log.py, 20] 请求数据:{"mobile": "18900009999", "id": "013188e098274c2aaa64b1a47d6fe884"}
[2018-07-18 17:41:20] INFO [info: log.py, 20] 请求Appid:dp1svA1gkNt8cQMkoIv7HmD1
[2018-07-18 17:41:20] DEBUG [_new_conn: connectionpool.py, 205] Starting new HTTP connection (1): api.erp.36solo.com:80
[2018-07-18 17:41:21] DEBUG [_make_request: connectionpool.py, 393] http://api.erp.36solo.com:80 "POST /machine/locale/update HTTP/1.1" 200 None
[2018-07-18 17:44:55] INFO [info: log.py, 20] ------------------START----------------
[2018-07-18 17:44:55] INFO [info: log.py, 20] 请求数据:{"id": "013188e098274c2aaa64b1a47d6fe884"}
[2018-07-18 17:44:55] INFO [info: log.py, 20] 请求Appid:dp1svA1gkNt8cQMkoIv7HmD1
[2018-07-18 17:44:55] DEBUG [_new_conn: connectionpool.py, 205] Starting new HTTP connection (1): api.erp.36solo.com:80
[2018-07-18 17:44:55] DEBUG [_make_request: connectionpool.py, 393] http://api.erp.36solo.com:80 "POST /machine/locale/detail HTTP/1.1" 200 None
[2018-07-18 17:45:34] DEBUG [_new_conn: connectionpool.py, 205] Starting new HTTP connection (1): api.erp.36solo.com:80
[2018-07-18 17:45:34] DEBUG [_make_request: connectionpool.py, 393] http://api.erp.36solo.com:80 "POST /machine/locale/detail HTTP/1.1" 200 None
[2018-07-18 17:46:05] DEBUG [_new_conn: connectionpool.py, 205] Starting new HTTP connection (1): api.erp.36solo.com:80
[2018-07-18 17:46:09] DEBUG [_make_request: connectionpool.py, 393] http://api.erp.36solo.com:80 "POST /machine/locale/detail HTTP/1.1" 200 None
[2018-07-18 17:47:07] INFO [info: log.py, 20] ------------------START----------------
[2018-07-18 17:47:07] INFO [info: log.py, 20] 请求数据:{"id": "013188e098274c2aaa64b1a47d6fe884"}
[2018-07-18 17:47:07] INFO [info: log.py, 20] 请求Appid:dp1svA1gkNt8cQMkoIv7HmD1
[2018-07-18 17:47:07] DEBUG [_new_conn: connectionpool.py, 205] Starting new HTTP connection (1): api.erp.36solo.com:80
[2018-07-18 17:47:07] DEBUG [_make_request: connectionpool.py, 393] http://api.erp.36solo.com:80 "POST /machine/locale/detail HTTP/1.1" 200 None
[2018-07-18 17:49:28] INFO [info: log.py, 20] ------------------START----------------
[2018-07-18 17:49:28] INFO [info: log.py, 20] 请求数据:{"id": "013188e098274c2aaa64b1a47d6fe884"}
[2018-07-18 17:49:28] INFO [info: log.py, 20] 请求Appid:dp1svA1gkNt8cQMkoIv7HmD1
[2018-07-18 17:49:31] DEBUG [_new_conn: connectionpool.py, 205] Starting new HTTP connection (1): api.erp.36solo.com:80
[2018-07-18 17:49:33] DEBUG [_make_request: connectionpool.py, 393] http://api.erp.36solo.com:80 "POST /machine/locale/detail HTTP/1.1" 200 None
[2018-07-18 17:57:46] DEBUG [_new_conn: connectionpool.py, 205] Starting new HTTP connection (1): api.erp.36solo.com:80
[2018-07-18 17:57:46] DEBUG [_make_request: connectionpool.py, 393] http://api.erp.36solo.com:80 "POST /xxx/xxxx HTTP/1.1" 404 None
[2018-07-18 17:58:09] DEBUG [_new_conn: connectionpool.py, 205] Starting new HTTP connection (1): api.erp.36solo.com:80
[2018-07-18 17:58:09] DEBUG [_make_request: connectionpool.py, 393] http://api.erp.36solo.com:80 "POST /xxx/xxxx HTTP/1.1" 404 None
[2018-07-18 17:58:30] DEBUG [_new_conn: connectionpool.py, 205] Starting new HTTP connection (1): api.erp.36solo.com:80
[2018-07-18 17:58:30] DEBUG [_make_request: connectionpool.py, 393] http://api.erp.36solo.com:80 "POST /xxx/xxxx HTTP/1.1" 404 None
[2018-07-18 17:58:37] DEBUG [_new_conn: connectionpool.py, 205] Starting new HTTP connection (1): api.erp.36solo.com:80
[2018-07-18 17:58:37] DEBUG [_make_request: connectionpool.py, 393] http://api.erp.36solo.com:80 "POST /xxx/xxxx HTTP/1.1" 404 None
[2018-07-18 18:05:28] DEBUG [_new_conn: connectionpool.py, 205] Starting new HTTP connection (1): api.erp.36solo.com:80
[2018-07-18 18:05:28] DEBUG [_make_request: connectionpool.py, 393] http://api.erp.36solo.com:80 "POST /machine/locale/detail HTTP/1.1" 200 None
[2018-07-18 18:05:47] DEBUG [_new_conn: connectionpool.py, 205] Starting new HTTP connection (1): api.erp.36solo.com:80
[2018-07-18 18:05:47] DEBUG [_make_request: connectionpool.py, 393] http://api.erp.36solo.com:80 "POST /machine/locale/detail HTTP/1.1" 200 None
[2018-07-18 18:08:03] DEBUG [_new_conn: connectionpool.py, 205] Starting new HTTP connection (1): api.erp.36solo.com:80
[2018-07-18 18:08:03] DEBUG [_make_request: connectionpool.py, 393] http://api.erp.36solo.com:80 "POST /machine/locale/detail HTTP/1.1" 200 None
[2018-07-18 18:27:09] DEBUG [_new_conn: connectionpool.py, 205] Starting new HTTP connection (1): api.erp.36solo.com:80
[2018-07-18 18:27:09] DEBUG [_make_request: connectionpool.py, 393] http://api.erp.36solo.com:80 "POST /machine/locale/detail HTTP/1.1" 200 None
[2018-07-18 18:27:09] DEBUG [_new_conn: connectionpool.py, 205] Starting new HTTP connection (1): api.erp.36solo.com:80
[2018-07-18 18:27:09] DEBUG [_make_request: connectionpool.py, 393] http://api.erp.36solo.com:80 "POST /machine/locale/update HTTP/1.1" 200 None
[2018-07-18 18:27:46] DEBUG [_new_conn: connectionpool.py, 205] Starting new HTTP connection (1): api.erp.36solo.com:80
[2018-07-18 18:27:47] DEBUG [_make_request: connectionpool.py, 393] http://api.erp.36solo.com:80 "POST /machine/locale/add HTTP/1.1" 200 None
[2018-07-18 18:27:47] DEBUG [_new_conn: connectionpool.py, 205] Starting new HTTP connection (1): api.erp.36solo.com:80
[2018-07-18 18:27:50] DEBUG [_make_request: connectionpool.py, 393] http://api.erp.36solo.com:80 "POST /machine/locale/detail HTTP/1.1" 200 None
[2018-07-18 18:27:50] DEBUG [_new_conn: connectionpool.py, 205] Starting new HTTP connection (1): api.erp.36solo.com:80
[2018-07-18 18:27:50] DEBUG [_new_conn: connectionpool.py, 205] Starting new HTTP connection (1): api.erp.36solo.com:80
[2018-07-18 18:27:51] DEBUG [_new_conn: connectionpool.py, 205] Starting new HTTP connection (1): api.erp.36solo.com:80
[2018-07-18 18:27:51] DEBUG [_make_request: connectionpool.py, 393] http://api.erp.36solo.com:80 "POST /machine/locale/update HTTP/1.1" 200 None
[2018-07-19 11:10:43] DEBUG [_new_conn: connectionpool.py, 205] Starting new HTTP connection (1): api.erp.36solo.com:80
[2018-07-19 11:10:43] DEBUG [_make_request: connectionpool.py, 393] http://api.erp.36solo.com:80 "POST /machine/locale/add HTTP/1.1" 200 69
[2018-07-19 11:10:43] DEBUG [_new_conn: connectionpool.py, 205] Starting new HTTP connection (1): api.erp.36solo.com:80
[2018-07-19 11:10:43] DEBUG [_make_request: connectionpool.py, 393] http://api.erp.36solo.com:80 "POST /machine/locale/detail HTTP/1.1" 200 54
[2018-07-19 11:10:43] DEBUG [_new_conn: connectionpool.py, 205] Starting new HTTP connection (1): api.erp.36solo.com:80
[2018-07-19 11:10:43] DEBUG [_new_conn: connectionpool.py, 205] Starting new HTTP connection (1): api.erp.36solo.com:80
[2018-07-19 11:10:43] DEBUG [_new_conn: connectionpool.py, 205] Starting new HTTP connection (1): api.erp.36solo.com:80
[2018-07-19 11:10:43] DEBUG [_make_request: connectionpool.py, 393] http://api.erp.36solo.com:80 "POST /machine/locale/update HTTP/1.1" 200 54
[2018-07-19 11:11:58] DEBUG [_new_conn: connectionpool.py, 205] Starting new HTTP connection (1): api.erp.36solo.com:80
[2018-07-19 11:11:58] DEBUG [_make_request: connectionpool.py, 393] http://api.erp.36solo.com:80 "POST /machine/locale/add HTTP/1.1" 200 None
[2018-07-19 11:11:58] DEBUG [_new_conn: connectionpool.py, 205] Starting new HTTP connection (1): api.erp.36solo.com:80
[2018-07-19 11:11:59] DEBUG [_make_request: connectionpool.py, 393] http://api.erp.36solo.com:80 "POST /machine/locale/detail HTTP/1.1" 200 None
[2018-07-19 11:11:59] DEBUG [_new_conn: connectionpool.py, 205] Starting new HTTP connection (1): api.erp.36solo.com:80
[2018-07-19 11:11:59] DEBUG [_new_conn: connectionpool.py, 205] Starting new HTTP connection (1): api.erp.36solo.com:80
[2018-07-19 11:11:59] DEBUG [_new_conn: connectionpool.py, 205] Starting new HTTP connection (1): api.erp.36solo.com:80
[2018-07-19 11:11:59] DEBUG [_make_request: connectionpool.py, 393] http://api.erp.36solo.com:80 "POST /machine/locale/update HTTP/1.1" 200 None
[2018-07-19 11:12:28] DEBUG [_new_conn: connectionpool.py, 205] Starting new HTTP connection (1): api.erp.36solo.com:80
[2018-07-19 11:12:28] DEBUG [_make_request: connectionpool.py, 393] http://api.erp.36solo.com:80 "POST /machine/locale/add HTTP/1.1" 200 None
[2018-07-19 11:12:28] DEBUG [_new_conn: connectionpool.py, 205] Starting new HTTP connection (1): api.erp.36solo.com:80
[2018-07-19 11:12:28] DEBUG [_make_request: connectionpool.py, 393] http://api.erp.36solo.com:80 "POST /machine/locale/detail HTTP/1.1" 200 None
[2018-07-19 11:12:28] DEBUG [_new_conn: connectionpool.py, 205] Starting new HTTP connection (1): api.erp.36solo.com:80
[2018-07-19 11:12:28] DEBUG [_new_conn: connectionpool.py, 205] Starting new HTTP connection (1): api.erp.36solo.com:80
[2018-07-19 11:12:28] DEBUG [_new_conn: connectionpool.py, 205] Starting new HTTP connection (1): api.erp.36solo.com:80
[2018-07-19 11:12:29] DEBUG [_make_request: connectionpool.py, 393] http://api.erp.36solo.com:80 "POST /machine/locale/update HTTP/1.1" 200 None
[2018-07-19 11:19:24] INFO [info: log.py, 20] 这是一个测试log....
[2018-07-19 11:36:15] DEBUG [_new_conn: connectionpool.py, 205] Starting new HTTP connection (1): api.erp.36solo.com:80
[2018-07-19 11:36:16] DEBUG [_make_request: connectionpool.py, 393] http://api.erp.36solo.com:80 "POST /machine/locale/add HTTP/1.1" 200 None
[2018-07-19 11:36:16] DEBUG [_new_conn: connectionpool.py, 205] Starting new HTTP connection (1): api.erp.36solo.com:80
[2018-07-19 11:36:17] DEBUG [_make_request: connectionpool.py, 393] http://api.erp.36solo.com:80 "POST /machine/locale/detail HTTP/1.1" 200 None
[2018-07-19 11:36:17] DEBUG [_new_conn: connectionpool.py, 205] Starting new HTTP connection (1): api.erp.36solo.com:80
[2018-07-19 11:36:18] DEBUG [_new_conn: connectionpool.py, 205] Starting new HTTP connection (1): api.erp.36solo.com:80
[2018-07-19 11:36:18] DEBUG [_new_conn: connectionpool.py, 205] Starting new HTTP connection (1): api.erp.36solo.com:80
[2018-07-19 11:36:18] DEBUG [_make_request: connectionpool.py, 393] http://api.erp.36solo.com:80 "POST /machine/locale/update HTTP/1.1" 200 None
[2018-07-19 11:40:07] DEBUG [_new_conn: connectionpool.py, 205] Starting new HTTP connection (1): api.erp.36solo.com:80
[2018-07-19 11:40:08] DEBUG [_make_request: connectionpool.py, 393] http://api.erp.36solo.com:80 "POST /machine/locale/add HTTP/1.1" 200 None
[2018-07-19 11:40:08] DEBUG [_new_conn: connectionpool.py, 205] Starting new HTTP connection (1): api.erp.36solo.com:80
[2018-07-19 11:40:08] DEBUG [_make_request: connectionpool.py, 393] http://api.erp.36solo.com:80 "POST /machine/locale/detail HTTP/1.1" 200 None
[2018-07-19 11:40:08] DEBUG [_new_conn: connectionpool.py, 205] Starting new HTTP connection (1): api.erp.36solo.com:80
[2018-07-19 11:40:32] DEBUG [_new_conn: connectionpool.py, 205] Starting new HTTP connection (1): api.erp.36solo.com:80
[2018-07-19 11:40:32] DEBUG [_new_conn: connectionpool.py, 205] Starting new HTTP connection (1): api.erp.36solo.com:80
[2018-07-19 11:40:33] DEBUG [_make_request: connectionpool.py, 393] http://api.erp.36solo.com:80 "POST /machine/locale/update HTTP/1.1" 200 None
[2018-07-20 23:38:32] DEBUG [_new_conn: connectionpool.py, 205] Starting new HTTP connection (1): api.erp.36solo.com:80
[2018-07-20 23:38:32] DEBUG [_make_request: connectionpool.py, 393] http://api.erp.36solo.com:80 "POST /machine/locale/list HTTP/1.1" 200 54
[2018-07-20 23:39:01] DEBUG [_new_conn: connectionpool.py, 205] Starting new HTTP connection (1): api.erp.36solo.com:80
[2018-07-20 23:39:01] DEBUG [_make_request: connectionpool.py, 393] http://api.erp.36solo.com:80 "POST /machine/locale/list HTTP/1.1" 200 None
[2018-07-20 23:57:06] DEBUG [_new_conn: connectionpool.py, 205] Starting new HTTP connection (1): api.erp.36solo.com:80
[2018-07-20 23:57:06] DEBUG [_make_request: connectionpool.py, 393] http://api.erp.36solo.com:80 "POST /machine/locale/list HTTP/1.1" 200 None
[2018-07-20 23:57:20] DEBUG [_new_conn: connectionpool.py, 205] Starting new HTTP connection (1): api.erp.36solo.com:80
[2018-07-20 23:57:20] DEBUG [_make_request: connectionpool.py, 393] http://api.erp.36solo.com:80 "POST /machine/locale/list HTTP/1.1" 200 None
[2018-07-20 23:57:31] DEBUG [_new_conn: connectionpool.py, 205] Starting new HTTP connection (1): api.erp.36solo.com:80
[2018-07-20 23:57:31] DEBUG [_make_request: connectionpool.py, 393] http://api.erp.36solo.com:80 "POST /machine/locale/list HTTP/1.1" 200 None
[2018-07-21 00:01:48] DEBUG [_new_conn: connectionpool.py, 205] Starting new HTTP connection (1): api.erp.36solo.com:80
[2018-07-21 00:01:48] DEBUG [_make_request: connectionpool.py, 393] http://api.erp.36solo.com:80 "POST /machine/locale/list HTTP/1.1" 200 None
[2018-07-21 00:26:43] DEBUG [_new_conn: connectionpool.py, 205] Starting new HTTP connection (1): api.erp.36solo.com:80
[2018-07-21 00:26:43] DEBUG [_make_request: connectionpool.py, 393] http://api.erp.36solo.com:80 "POST /xxx/xxxx HTTP/1.1" 404 None
[2018-07-21 13:58:36] DEBUG [_new_conn: connectionpool.py, 205] Starting new HTTP connection (1): api.erp.36solo.com:80
[2018-07-21 13:58:36] DEBUG [_make_request: connectionpool.py, 393] http://api.erp.36solo.com:80 "POST /machine/locale/list HTTP/1.1" 200 None
